0 info it worked if it ends with ok
1 verbose cli [ '/usr/local/bin/node', '/usr/local/bin/npm', 'start' ]
2 info using npm@3.10.9
3 info using node@v5.5.0
4 verbose run-script [ 'prestart', 'start', 'poststart' ]
5 info lifecycle roulette@1.0.0~prestart: roulette@1.0.0
6 silly lifecycle roulette@1.0.0~prestart: no script for prestart, continuing
7 info lifecycle roulette@1.0.0~start: roulette@1.0.0
8 verbose lifecycle roulette@1.0.0~start: unsafe-perm in lifecycle true
9 verbose lifecycle roulette@1.0.0~start: PATH: /usr/local/lib/node_modules/npm/bin/node-gyp-bin:/Users/laurenceholmes/development/node-python-roulette/node_modules/.bin:/Users/laurenceholmes/anaconda3/bin:/Library/Frameworks/Python.framework/Versions/3.5/bin:/Library/Frameworks/Python.framework/Versions/3.5/bin:/Library/Frameworks/Python.framework/Versions/3.5/bin:/usr/local/bin:/usr/bin:/bin:/usr/sbin:/sbin
10 verbose lifecycle roulette@1.0.0~start: CWD: /Users/laurenceholmes/development/node-python-roulette
11 silly lifecycle roulette@1.0.0~start: Args: [ '-c', 'node server.js' ]
12 silly lifecycle roulette@1.0.0~start: Returned: code: 1  signal: null
13 info lifecycle roulette@1.0.0~start: Failed to exec start script
14 verbose stack Error: roulette@1.0.0 start: `node server.js`
14 verbose stack Exit status 1
14 verbose stack     at EventEmitter.<anonymous> (/usr/local/lib/node_modules/npm/lib/utils/lifecycle.js:255:16)
14 verbose stack     at emitTwo (events.js:100:13)
14 verbose stack     at EventEmitter.emit (events.js:185:7)
14 verbose stack     at ChildProcess.<anonymous> (/usr/local/lib/node_modules/npm/lib/utils/spawn.js:40:14)
14 verbose stack     at emitTwo (events.js:100:13)
14 verbose stack     at ChildProcess.emit (events.js:185:7)
14 verbose stack     at maybeClose (internal/child_process.js:821:16)
14 verbose stack     at Process.ChildProcess._handle.onexit (internal/child_process.js:211:5)
15 verbose pkgid roulette@1.0.0
16 verbose cwd /Users/laurenceholmes/development/node-python-roulette
17 error Darwin 15.0.0
18 error argv "/usr/local/bin/node" "/usr/local/bin/npm" "start"
19 error node v5.5.0
20 error npm  v3.10.9
21 error code ELIFECYCLE
22 error roulette@1.0.0 start: `node server.js`
22 error Exit status 1
23 error Failed at the roulette@1.0.0 start script 'node server.js'.
23 error Make sure you have the latest version of node.js and npm installed.
23 error If you do, this is most likely a problem with the roulette package,
23 error not with npm itself.
23 error Tell the author that this fails on your system:
23 error     node server.js
23 error You can get information on how to open an issue for this project with:
23 error     npm bugs roulette
23 error Or if that isn't available, you can get their info via:
23 error     npm owner ls roulette
23 error There is likely additional logging output above.
24 verbose exit [ 1, true ]
